2026-02-12 12:30:06.895 xcodebuild[73102:3177546] [MT] IDERunDestination: Supported platforms for the buildables in the current scheme is empty.
--- xcodebuild: WARNING: Using the first of multiple matching destinations:
{ platform:macOS, arch:arm64, id:00006030-001A31583482001C, name:My Mac }
{ platform:macOS, arch:x86_64, id:00006030-001A31583482001C, name:My Mac }
{ platform:macOS, name:Any Mac }
** BUILD FAILED **


The following build commands failed:
	ProcessInfoPlistFile /Users/miaxyhunt/Documents/CodeWorkspace/Swift/Pomodoro\ Screen\ Timer/scripts/build/Build/Products/Debug/LoginItemHelper.app/Contents/Info.plist /Users/miaxyhunt/Documents/CodeWorkspace/Swift/Pomodoro\ Screen\ Timer/LoginItemHelper/Info.plist (in target 'LoginItemHelper' from project 'Pomodoro Screen Timer')
	Building project Pomodoro Screen Timer with scheme Pomodoro Screen Timer and configuration Debug
(2 failures)
2026-02-12 12:30:10.126 xcodebuild[73196:3178200] [MT] IDERunDestination: Supported platforms for the buildables in the current scheme is empty.
--- xcodebuild: WARNING: Using the first of multiple matching destinations:
{ platform:macOS, arch:arm64, id:00006030-001A31583482001C, name:My Mac }
{ platform:macOS, arch:x86_64, id:00006030-001A31583482001C, name:My Mac }
{ platform:macOS, name:Any Mac }
** BUILD FAILED **


The following build commands failed:
	ProcessInfoPlistFile /Users/miaxyhunt/Documents/CodeWorkspace/Swift/Pomodoro\ Screen\ Timer/scripts/build/Build/Products/Debug/LoginItemHelper.app/Contents/Info.plist /Users/miaxyhunt/Documents/CodeWorkspace/Swift/Pomodoro\ Screen\ Timer/LoginItemHelper/Info.plist (in target 'LoginItemHelper' from project 'Pomodoro Screen Timer')
	Building project Pomodoro Screen Timer with scheme Pomodoro Screen Timer and configuration Debug
(2 failures)
